#
# There is insufficient memory for the Java Runtime Environment to continue.
# Native memory allocation (mmap) failed to map 114294784 bytes for committing reserved memory.
# Possible reasons:
#   The system is out of physical RAM or swap space
#   In 32 bit mode, the process size limit was hit
# Possible solutions:
#   Reduce memory load on the system
#   Increase physical memory or swap space
#   Check if swap backing store is full
#   Use 64 bit Java on a 64 bit OS
#   Decrease Java heap size (-Xmx/-Xms)
#   Decrease number of Java threads
#   Decrease Java thread stack sizes (-Xss)
#   Set larger code cache with -XX:ReservedCodeCacheSize=
# This output file may be truncated or incomplete.
#
#  Out of Memory Error (os_linux.cpp:2640), pid=7835, tid=0x00007ff47c772700
#
# JRE version: Java(TM) SE Runtime Environment (8.0_131-b11) (build 1.8.0_131-b11)
# Java VM: Java HotSpot(TM) 64-Bit Server VM (25.131-b11 mixed mode linux-amd64 compressed oops)
# Failed to write core dump. Core dumps have been disabled. To enable core dumping, try "ulimit -c unlimited" before starting Java again
#

---------------  T H R E A D  ---------------

Current thread (0x00007ff4780fc000):  VMThread [stack: 0x00007ff47c672000,0x00007ff47c773000] [id=7842]

Stack: [0x00007ff47c672000,0x00007ff47c773000],  sp=0x00007ff47c7712a0,  free space=1020k
Native frames: (J=compiled Java code, j=interpreted, Vv=VM code, C=native code)
V  [libjvm.so+0xac826a]  VMError::report_and_die()+0x2ba
V  [libjvm.so+0x4fd4cb]  report_vm_out_of_memory(char const*, int, unsigned long, VMErrorType, char const*)+0x8b
V  [libjvm.so+0x924f53]  os::Linux::commit_memory_impl(char*, unsigned long, bool)+0x103
V  [libjvm.so+0x9254a9]  os::pd_commit_memory(char*, unsigned long, unsigned long, bool)+0x29
V  [libjvm.so+0x91f6ca]  os::commit_memory(char*, unsigned long, unsigned long, bool)+0x2a
V  [libjvm.so+0x9941e3]  PSVirtualSpace::expand_by(unsigned long)+0x53
V  [libjvm.so+0x9955e8]  PSYoungGen::resize_generation(unsigned long, unsigned long)+0xf8
V  [libjvm.so+0x994742]  PSYoungGen::resize(unsigned long, unsigned long)+0x22
V  [libjvm.so+0x991a1b]  PSScavenge::invoke_no_policy()+0xf3b
V  [libjvm.so+0x9921a1]  PSScavenge::invoke()+0x41
V  [libjvm.so+0x948f00]  ParallelScavengeHeap::failed_mem_allocate(unsigned long)+0x70
V  [libjvm.so+0xac9c87]  VM_ParallelGCFailedAllocation::doit()+0x97
V  [libjvm.so+0xad1765]  VM_Operation::evaluate()+0x55
V  [libjvm.so+0xacfb3a]  VMThread::evaluate_operation(VM_Operation*)+0xba
V  [libjvm.so+0xacfebe]  VMThread::loop()+0x1ce
V  [libjvm.so+0xad0330]  VMThread::run()+0x70
V  [libjvm.so+0x927568]  java_start(Thread*)+0x108

VM_Operation (0x00007ff4819704d0): ParallelGCFailedAllocation, mode: safepoint, requested by thread 0x00007ff47800b000


---------------  P R O C E S S  ---------------

Java Threads: ( => current thread )
  0x00007ff4781ba000 JavaThread "Service Thread" daemon [_thread_blocked, id=7857, stack(0x00007ff4654a8000,0x00007ff4655a9000)]
  0x00007ff4781b5000 JavaThread "C1 CompilerThread1" daemon [_thread_blocked, id=7856, stack(0x00007ff47c02c000,0x00007ff47c12d000)]
  0x00007ff4781b3800 JavaThread "C2 CompilerThread0" daemon [_thread_blocked, id=7855, stack(0x00007ff47c12d000,0x00007ff47c22e000)]
  0x00007ff4781b1800 JavaThread "Monitor Ctrl-Break" daemon [_thread_in_native, id=7854, stack(0x00007ff47c22e000,0x00007ff47c32f000)]
  0x00007ff47813c000 JavaThread "Signal Dispatcher" daemon [_thread_blocked, id=7848, stack(0x00007ff47c36f000,0x00007ff47c470000)]
  0x00007ff478108000 JavaThread "Finalizer" daemon [_thread_blocked, id=7845, stack(0x00007ff47c470000,0x00007ff47c571000)]
  0x00007ff478103800 JavaThread "Reference Handler" daemon [_thread_blocked, id=7844, stack(0x00007ff47c571000,0x00007ff47c672000)]
  0x00007ff47800b000 JavaThread "main" [_thread_blocked, id=7836, stack(0x00007ff481871000,0x00007ff481972000)]

Other Threads:
=>0x00007ff4780fc000 VMThread [stack: 0x00007ff47c672000,0x00007ff47c773000] [id=7842]
  0x00007ff4781bf000 WatcherThread [stack: 0x00007ff4653a7000,0x00007ff4654a8000] [id=7858]

VM state:at safepoint (normal execution)

VM Mutex/Monitor currently owned by a thread:  ([mutex/lock_event])
[0x00007ff478007760] Threads_lock - owner thread: 0x00007ff4780fc000
[0x00007ff478007c60] Heap_lock - owner thread: 0x00007ff47800b000

Heap:
 PSYoungGen      total 361472K, used 96K [0x00000000e3000000, 0x00000000f9300000, 0x0000000100000000)
  eden space 359936K, 0% used [0x00000000e3000000,0x00000000e3000000,0x00000000f8f80000)
  from space 1536K, 6% used [0x00000000f8f80000,0x00000000f8f98000,0x00000000f9100000)
  to   space 1024K, 0% used [0x00000000f9100000,0x00000000f9100000,0x00000000f9200000)
 ParOldGen       total 60416K, used 692K [0x00000000a9000000, 0x00000000acb00000, 0x00000000e3000000)
  object space 60416K, 1% used [0x00000000a9000000,0x00000000a90ad0a0,0x00000000acb00000)
 Metaspace       used 4412K, capacity 4908K, committed 5248K, reserved 1056768K
  class space    used 499K, capacity 532K, committed 640K, reserved 1048576K

Card table byte_map: [0x00007ff47e155000,0x00007ff47e40e000] byte_map_base: 0x00007ff47dc0d000

Marking Bits: (ParMarkBitMap*) 0x00007ff480d43f60
 Begin Bits: [0x00007ff466480000, 0x00007ff467a40000)
 End Bits:   [0x00007ff467a40000, 0x00007ff469000000)

Polling page: 0x00007ff481993000

CodeCache: size=245760Kb used=2105Kb max_used=2110Kb free=243654Kb
 bounds [0x00007ff469000000, 0x00007ff469270000, 0x00007ff478000000]
 total_blobs=620 nmethods=341 adapters=194
 compilation: enabled

Compilation events (10 events):
Event: 28,127 Thread 0x00007ff4781b3800 nmethod 339 0x00007ff46920add0 code [0x00007ff46920afe0, 0x00007ff46920c838]
Event: 28,127 Thread 0x00007ff4781b3800  340       4       java.util.TimSort::countRunAndMakeAscending (128 bytes)
Event: 28,201 Thread 0x00007ff4781b3800 nmethod 340 0x00007ff46920d6d0 code [0x00007ff46920d8c0, 0x00007ff46920e298]
Event: 29,321 Thread 0x00007ff4781b5000  341       1       java.nio.Buffer::limit (5 bytes)
Event: 29,322 Thread 0x00007ff4781b5000 nmethod 341 0x00007ff469206510 code [0x00007ff469206660, 0x00007ff469206770]
Event: 29,631 Thread 0x00007ff4781b3800  342       4       java.util.TimSort::mergeLo (659 bytes)
Event: 29,897 Thread 0x00007ff4781b3800 nmethod 342 0x00007ff469208490 code [0x00007ff4692086a0, 0x00007ff469209ff8]
Event: 33,189 Thread 0x00007ff4781b5000  343       3       java.util.TimSort::mergeHi (732 bytes)
Event: 33,196 Thread 0x00007ff4781b5000 nmethod 343 0x00007ff469211d90 code [0x00007ff4692120c0, 0x00007ff469214278]
Event: 35,553 Thread 0x00007ff4781b3800  344       4       java.util.TimSort::mergeAt (358 bytes)

GC Heap History (10 events):
Event: 11,741 GC heap after
Heap after GC invocations=4 (full 0):
 PSYoungGen      total 93696K, used 752K [0x00000000e3000000, 0x00000000e8f00000, 0x0000000100000000)
  eden space 90112K, 0% used [0x00000000e3000000,0x00000000e3000000,0x00000000e8800000)
  from space 3584K, 20% used [0x00000000e8b80000,0x00000000e8c3c010,0x00000000e8f00000)
  to   space 3584K, 0% used [0x00000000e8800000,0x00000000e8800000,0x00000000e8b80000)
 ParOldGen       total 60416K, used 24K [0x00000000a9000000, 0x00000000acb00000, 0x00000000e3000000)
  object space 60416K, 0% used [0x00000000a9000000,0x00000000a9006000,0x00000000acb00000)
 Metaspace       used 4387K, capacity 4908K, committed 5248K, reserved 1056768K
  class space    used 498K, capacity 532K, committed 640K, reserved 1048576K
}
Event: 15,104 GC heap before
{Heap before GC invocations=5 (full 0):
 PSYoungGen      total 93696K, used 90864K [0x00000000e3000000, 0x00000000e8f00000, 0x0000000100000000)
  eden space 90112K, 100% used [0x00000000e3000000,0x00000000e8800000,0x00000000e8800000)
  from space 3584K, 20% used [0x00000000e8b80000,0x00000000e8c3c010,0x00000000e8f00000)
  to   space 3584K, 0% used [0x00000000e8800000,0x00000000e8800000,0x00000000e8b80000)
 ParOldGen       total 60416K, used 24K [0x00000000a9000000, 0x00000000acb00000, 0x00000000e3000000)
  object space 60416K, 0% used [0x00000000a9000000,0x00000000a9006000,0x00000000acb00000)
 Metaspace       used 4411K, capacity 4908K, committed 5248K, reserved 1056768K
  class space    used 499K, capacity 532K, committed 640K, reserved 1048576K
Event: 15,154 GC heap after
Heap after GC invocations=5 (full 0):
 PSYoungGen      total 93696K, used 768K [0x00000000e3000000, 0x00000000ee200000, 0x0000000100000000)
  eden space 90112K, 0% used [0x00000000e3000000,0x00000000e3000000,0x00000000e8800000)
  from space 3584K, 21% used [0x00000000e8800000,0x00000000e88c0020,0x00000000e8b80000)
  to   space 1024K, 0% used [0x00000000ee100000,0x00000000ee100000,0x00000000ee200000)
 ParOldGen       total 60416K, used 32K [0x00000000a9000000, 0x00000000acb00000, 0x00000000e3000000)
  object space 60416K, 0% used [0x00000000a9000000,0x00000000a9008000,0x00000000acb00000)
 Metaspace       used 4411K, capacity 4908K, committed 5248K, reserved 1056768K
  class space    used 499K, capacity 532K, committed 640K, reserved 1048576K
}
Event: 17,831 GC heap before
{Heap before GC invocations=6 (full 0):
 PSYoungGen      total 93696K, used 90880K [0x00000000e3000000, 0x00000000ee200000, 0x0000000100000000)
  eden space 90112K, 100% used [0x00000000e3000000,0x00000000e8800000,0x00000000e8800000)
  from space 3584K, 21% used [0x00000000e8800000,0x00000000e88c0020,0x00000000e8b80000)
  to   space 1024K, 0% used [0x00000000ee100000,0x00000000ee100000,0x00000000ee200000)
 ParOldGen       total 60416K, used 32K [0x00000000a9000000, 0x00000000acb00000, 0x00000000e3000000)
  object space 60416K, 0% used [0x00000000a9000000,0x00000000a9008000,0x00000000acb00000)
 Metaspace       used 4412K, capacity 4908K, committed 5248K, reserved 1056768K
  class space    used 499K, capacity 532K, committed 640K, reserved 1048576K
Event: 17,871 GC heap after
Heap after GC invocations=6 (full 0):
 PSYoungGen      total 181248K, used 768K [0x00000000e3000000, 0x00000000ee200000, 0x0000000100000000)
  eden space 180224K, 0% used [0x00000000e3000000,0x00000000e3000000,0x00000000ee000000)
  from space 1024K, 75% used [0x00000000ee100000,0x00000000ee1c0040,0x00000000ee200000)
  to   space 1024K, 0% used [0x00000000ee000000,0x00000000ee000000,0x00000000ee100000)
 ParOldGen       total 60416K, used 32K [0x00000000a9000000, 0x00000000acb00000, 0x00000000e3000000)
  object space 60416K, 0% used [0x00000000a9000000,0x00000000a9008000,0x00000000acb00000)
 Metaspace       used 4412K, capacity 4908K, committed 5248K, reserved 1056768K
  class space    used 499K, capacity 532K, committed 640K, reserved 1048576K
}
Event: 25,612 GC heap before
{Heap before GC invocations=7 (full 0):
 PSYoungGen      total 181248K, used 180992K [0x00000000e3000000, 0x00000000ee200000, 0x0000000100000000)
  eden space 180224K, 100% used [0x00000000e3000000,0x00000000ee000000,0x00000000ee000000)
  from space 1024K, 75% used [0x00000000ee100000,0x00000000ee1c0040,0x00000000ee200000)
  to   space 1024K, 0% used [0x00000000ee000000,0x00000000ee000000,0x00000000ee100000)
 ParOldGen       total 60416K, used 32K [0x00000000a9000000, 0x00000000acb00000, 0x00000000e3000000)
  object space 60416K, 0% used [0x00000000a9000000,0x00000000a9008000,0x00000000acb00000)
 Metaspace       used 4412K, capacity 4908K, committed 5248K, reserved 1056768K
  class space    used 499K, capacity 532K, committed 640K, reserved 1048576K
Event: 25,625 GC heap after
Heap after GC invocations=7 (full 0):
 PSYoungGen      total 181248K, used 128K [0x00000000e3000000, 0x00000000f9200000, 0x0000000100000000)
  eden space 180224K, 0% used [0x00000000e3000000,0x00000000e3000000,0x00000000ee000000)
  from space 1024K, 12% used [0x00000000ee000000,0x00000000ee020000,0x00000000ee100000)
  to   space 1024K, 0% used [0x00000000f9100000,0x00000000f9100000,0x00000000f9200000)
 ParOldGen       total 60416K, used 644K [0x00000000a9000000, 0x00000000acb00000, 0x00000000e3000000)
  object space 60416K, 1% used [0x00000000a9000000,0x00000000a90a10a0,0x00000000acb00000)
 Metaspace       used 4412K, capacity 4908K, committed 5248K, reserved 1056768K
  class space    used 499K, capacity 532K, committed 640K, reserved 1048576K
}
Event: 29,157 GC heap before
{Heap before GC invocations=8 (full 0):
 PSYoungGen      total 181248K, used 180352K [0x00000000e3000000, 0x00000000f9200000, 0x0000000100000000)
  eden space 180224K, 100% used [0x00000000e3000000,0x00000000ee000000,0x00000000ee000000)
  from space 1024K, 12% used [0x00000000ee000000,0x00000000ee020000,0x00000000ee100000)
  to   space 1024K, 0% used [0x00000000f9100000,0x00000000f9100000,0x00000000f9200000)
 ParOldGen       total 60416K, used 644K [0x00000000a9000000, 0x00000000acb00000, 0x00000000e3000000)
  object space 60416K, 1% used [0x00000000a9000000,0x00000000a90a10a0,0x00000000acb00000)
 Metaspace       used 4412K, capacity 4908K, committed 5248K, reserved 1056768K
  class space    used 499K, capacity 532K, committed 640K, reserved 1048576K
Event: 29,164 GC heap after
Heap after GC invocations=8 (full 0):
 PSYoungGen      total 360960K, used 128K [0x00000000e3000000, 0x00000000f9300000, 0x0000000100000000)
  eden space 359936K, 0% used [0x00000000e3000000,0x00000000e3000000,0x00000000f8f80000)
  from space 1024K, 12% used [0x00000000f9100000,0x00000000f9120000,0x00000000f9200000)
  to   space 1536K, 0% used [0x00000000f8f80000,0x00000000f8f80000,0x00000000f9100000)
 ParOldGen       total 60416K, used 652K [0x00000000a9000000, 0x00000000acb00000, 0x00000000e3000000)
  object space 60416K, 1% used [0x00000000a9000000,0x00000000a90a30a0,0x00000000acb00000)
 Metaspace       used 4412K, capacity 4908K, committed 5248K, reserved 1056768K
  class space    used 499K, capacity 532K, committed 640K, reserved 1048576K
}
Event: 39,772 GC heap before
{Heap before GC invocations=9 (full 0):
 PSYoungGen      total 360960K, used 360064K [0x00000000e3000000, 0x00000000f9300000, 0x0000000100000000)
  eden space 359936K, 100% used [0x00000000e3000000,0x00000000f8f80000,0x00000000f8f80000)
  from space 1024K, 12% used [0x00000000f9100000,0x00000000f9120000,0x00000000f9200000)
  to   space 1536K, 0% used [0x00000000f8f80000,0x00000000f8f80000,0x00000000f9100000)
 ParOldGen       total 60416K, used 652K [0x00000000a9000000, 0x00000000acb00000, 0x00000000e3000000)
  object space 60416K, 1% used [0x00000000a9000000,0x00000000a90a30a0,0x00000000acb00000)
 Metaspace       used 4412K, capacity 4908K, committed 5248K, reserved 1056768K
  class space    used 499K, capacity 532K, committed 640K, reserved 1048576K

Deoptimization events (3 events):
Event: 5,682 Thread 0x00007ff47800b000 Uncommon trap: reason=unstable_if action=reinterpret pc=0x00007ff4691a471c method=jmetal.operators.crossover.OrderOneCrossover.doCrossover(DLjmetal/core/Solution;Ljmetal/core/Solution;)[Ljmetal/core/Solution; @ 218
Event: 27,240 Thread 0x00007ff47800b000 Uncommon trap: reason=unstable_if action=reinterpret pc=0x00007ff4691edcc0 method=java.util.TimSort.countRunAndMakeAscending([Ljava/lang/Object;IILjava/util/Comparator;)I @ 73
Event: 31,459 Thread 0x00007ff47800b000 Uncommon trap: reason=unstable_if action=reinterpret pc=0x00007ff46920c474 method=java.util.TimSort.mergeHi(IIII)V @ 426

Internal exceptions (6 events):
Event: 0,374 Thread 0x00007ff47800b000 Exception <a 'java/lang/NoSuchMethodError': Method sun.misc.Unsafe.defineClass(Ljava/lang/String;[BII)Ljava/lang/Class; name or signature does not match> (0x00000000e3007ca8) thrown at [/HUDSON/workspace/8-2-build-linux-amd64/jdk8u131/8869/hotspot/src/sha
Event: 0,375 Thread 0x00007ff47800b000 Exception <a 'java/lang/NoSuchMethodError': Method sun.misc.Unsafe.prefetchRead(Ljava/lang/Object;J)V name or signature does not match> (0x00000000e3007f90) thrown at [/HUDSON/workspace/8-2-build-linux-amd64/jdk8u131/8869/hotspot/src/share/vm/prims/jni.cp
Event: 2,130 Thread 0x00007ff47800b000 Exception <a 'java/security/PrivilegedActionException'> (0x00000000e32c4068) thrown at [/HUDSON/workspace/8-2-build-linux-amd64/jdk8u131/8869/hotspot/src/share/vm/prims/jvm.cpp, line 1390]
Event: 2,130 Thread 0x00007ff47800b000 Exception <a 'java/security/PrivilegedActionException'> (0x00000000e32c4460) thrown at [/HUDSON/workspace/8-2-build-linux-amd64/jdk8u131/8869/hotspot/src/share/vm/prims/jvm.cpp, line 1390]
Event: 2,156 Thread 0x00007ff47800b000 Exception <a 'java/security/PrivilegedActionException'> (0x00000000e32c6c98) thrown at [/HUDSON/workspace/8-2-build-linux-amd64/jdk8u131/8869/hotspot/src/share/vm/prims/jvm.cpp, line 1390]
Event: 2,156 Thread 0x00007ff47800b000 Exception <a 'java/security/PrivilegedActionException'> (0x00000000e32c7090) thrown at [/HUDSON/workspace/8-2-build-linux-amd64/jdk8u131/8869/hotspot/src/share/vm/prims/jvm.cpp, line 1390]

Events (10 events):
Event: 27,845 Thread 0x00007ff47800b000 DEOPT PACKING pc=0x00007ff4692072ee sp=0x00007ff481970490
Event: 27,845 Thread 0x00007ff47800b000 DEOPT UNPACKING pc=0x00007ff469047233 sp=0x00007ff481970218 mode 0
Event: 27,972 Thread 0x00007ff47800b000 DEOPT PACKING pc=0x00007ff4692072ee sp=0x00007ff481970490
Event: 27,972 Thread 0x00007ff47800b000 DEOPT UNPACKING pc=0x00007ff469047233 sp=0x00007ff481970218 mode 0
Event: 29,156 Executing VM operation: ParallelGCFailedAllocation
Event: 29,164 Executing VM operation: ParallelGCFailedAllocation done
Event: 31,459 Thread 0x00007ff47800b000 Uncommon trap: trap_request=0xffffff65 fr.pc=0x00007ff46920c474
Event: 31,459 Thread 0x00007ff47800b000 DEOPT PACKING pc=0x00007ff46920c474 sp=0x00007ff4819703c0
Event: 31,459 Thread 0x00007ff47800b000 DEOPT UNPACKING pc=0x00007ff469005229 sp=0x00007ff481970398 mode 2
Event: 38,725 Executing VM operation: ParallelGCFailedAllocation


Dynamic libraries:
00400000-00401000 r-xp 00000000 08:04 2248694                            /usr/lib/jvm/java-8-oracle/bin/java
00600000-00601000 rw-p 00000000 08:04 2248694                            /usr/lib/jvm/java-8-oracle/bin/java
019dd000-019fe000 rw-p 00000000 00:00 0                                  [heap]
a9000000-acb00000 rw-p 00000000 00:00 0 
acb00000-e3000000 ---p 00000000 00:00 0 
e3000000-f9300000 rw-p 00000000 00:00 0 
100000000-1000a0000 rw-p 00000000 00:00 0 
1000a0000-140000000 ---p 00000000 00:00 0 
7ff438000000-7ff438021000 rw-p 00000000 00:00 0 
7ff438021000-7ff43c000000 ---p 00000000 00:00 0 
7ff43c000000-7ff43c021000 rw-p 00000000 00:00 0 
7ff43c021000-7ff440000000 ---p 00000000 00:00 0 
7ff440000000-7ff4405ac000 rw-p 00000000 00:00 0 
7ff4405ac000-7ff444000000 ---p 00000000 00:00 0 
7ff444000000-7ff444208000 rw-p 00000000 00:00 0 
7ff444208000-7ff448000000 ---p 00000000 00:00 0 
7ff448000000-7ff448021000 rw-p 00000000 00:00 0 
7ff448021000-7ff44c000000 ---p 00000000 00:00 0 
7ff44c000000-7ff44c021000 rw-p 00000000 00:00 0 
7ff44c021000-7ff450000000 ---p 00000000 00:00 0 
7ff450000000-7ff450021000 rw-p 00000000 00:00 0 
7ff450021000-7ff454000000 ---p 00000000 00:00 0 
7ff454000000-7ff454021000 rw-p 00000000 00:00 0 
7ff454021000-7ff458000000 ---p 00000000 00:00 0 
7ff458000000-7ff458021000 rw-p 00000000 00:00 0 
7ff458021000-7ff45c000000 ---p 00000000 00:00 0 
7ff45c000000-7ff45c28f000 rw-p 00000000 00:00 0 
7ff45c28f000-7ff460000000 ---p 00000000 00:00 0 
7ff460000000-7ff460021000 rw-p 00000000 00:00 0 
7ff460021000-7ff464000000 ---p 00000000 00:00 0 
7ff465196000-7ff4651a7000 r-xp 00000000 08:04 2253310                    /usr/lib/jvm/java-8-oracle/jre/lib/amd64/libnio.so
7ff4651a7000-7ff4653a6000 ---p 00011000 08:04 2253310                    /usr/lib/jvm/java-8-oracle/jre/lib/amd64/libnio.so
7ff4653a6000-7ff4653a7000 rw-p 00010000 08:04 2253310                    /usr/lib/jvm/java-8-oracle/jre/lib/amd64/libnio.so
7ff4653a7000-7ff4653a8000 ---p 00000000 00:00 0 
7ff4653a8000-7ff4654a8000 rw-p 00000000 00:00 0 
7ff4654a8000-7ff4654ab000 ---p 00000000 00:00 0 
7ff4654ab000-7ff4658aa000 rw-p 00000000 00:00 0 
7ff4658aa000-7ff4658c0000 r-xp 00000000 08:04 2253307                    /usr/lib/jvm/java-8-oracle/jre/lib/amd64/libnet.so
7ff4658c0000-7ff465ac0000 ---p 00016000 08:04 2253307                    /usr/lib/jvm/java-8-oracle/jre/lib/amd64/libnet.so
7ff465ac0000-7ff465ac1000 rw-p 00016000 08:04 2253307                    /usr/lib/jvm/java-8-oracle/jre/lib/amd64/libnet.so
7ff465ac1000-7ff466480000 r--p 00000000 08:04 2235020                    /usr/lib/locale/locale-archive
7ff466480000-7ff469000000 rw-p 00000000 00:00 0 
7ff469000000-7ff469270000 rwxp 00000000 00:00 0 
7ff469270000-7ff478000000 ---p 00000000 00:00 0 
7ff478000000-7ff47847e000 rw-p 00000000 00:00 0 
7ff47847e000-7ff47c000000 ---p 00000000 00:00 0 
7ff47c006000-7ff47c010000 r--s 00116000 08:04 2253169                    /usr/lib/jvm/java-8-oracle/jre/lib/ext/localedata.jar
7ff47c010000-7ff47c02c000 r--s 00393000 08:04 2253162                    /usr/lib/jvm/java-8-oracle/jre/lib/ext/cldrdata.jar
7ff47c02c000-7ff47c02f000 ---p 00000000 00:00 0 
7ff47c02f000-7ff47c12d000 rw-p 00000000 00:00 0 
7ff47c12d000-7ff47c130000 ---p 00000000 00:00 0 
7ff47c130000-7ff47c22e000 rw-p 00000000 00:00 0 
7ff47c22e000-7ff47c231000 ---p 00000000 00:00 0 
7ff47c231000-7ff47c32f000 rw-p 00000000 00:00 0 
7ff47c32f000-7ff47c342000 r--s 00345000 08:04 2253025                    /usr/lib/jvm/java-8-oracle/jre/lib/resources.jar
7ff47c342000-7ff47c354000 r--s 000d6000 08:04 2253012                    /usr/lib/jvm/java-8-oracle/jre/lib/plugin.jar
7ff47c354000-7ff47c36f000 r--s 0020b000 08:04 2252999                    /usr/lib/jvm/java-8-oracle/jre/lib/deploy.jar
7ff47c36f000-7ff47c372000 ---p 00000000 00:00 0 
7ff47c372000-7ff47c470000 rw-p 00000000 00:00 0 
7ff47c470000-7ff47c473000 ---p 00000000 00:00 0 
7ff47c473000-7ff47c571000 rw-p 00000000 00:00 0 
7ff47c571000-7ff47c574000 ---p 00000000 00:00 0 
7ff47c574000-7ff47c672000 rw-p 00000000 00:00 0 
7ff47c672000-7ff47c673000 ---p 00000000 00:00 0 
7ff47c673000-7ff47d07c000 rw-p 00000000 00:00 0 
7ff47d07c000-7ff47d255000 r--s 03d40000 08:04 2253021                    /usr/lib/jvm/java-8-oracle/jre/lib/rt.jar
7ff47d255000-7ff47d74b000 rw-p 00000000 00:00 0 
7ff47d74b000-7ff47dacb000 ---p 00000000 00:00 0 
7ff47dacb000-7ff47dd83000 rw-p 00000000 00:00 0 
7ff47dd83000-7ff47dd84000 ---p 00000000 00:00 0 
7ff47dd84000-7ff47de84000 rw-p 00000000 00:00 0 
7ff47de84000-7ff47de85000 ---p 00000000 00:00 0 
7ff47de85000-7ff47dfa3000 rw-p 00000000 00:00 0 
7ff47dfa3000-7ff47e155000 ---p 00000000 00:00 0 
7ff47e155000-7ff47e173000 rw-p 00000000 00:00 0 
7ff47e173000-7ff47e325000 ---p 00000000 00:00 0 
7ff47e325000-7ff47e3d7000 rw-p 00000000 00:00 0 
7ff47e3d7000-7ff47e40d000 ---p 00000000 00:00 0 
7ff47e40d000-7ff47e418000 rw-p 00000000 00:00 0 
7ff47e418000-7ff47e7ce000 ---p 00000000 00:00 0 
7ff47e7ce000-7ff47e7e8000 r-xp 00000000 08:04 2253303                    /usr/lib/jvm/java-8-oracle/jre/lib/amd64/libzip.so
7ff47e7e8000-7ff47e9e8000 ---p 0001a000 08:04 2253303                    /usr/lib/jvm/java-8-oracle/jre/lib/amd64/libzip.so
7ff47e9e8000-7ff47e9e9000 rw-p 0001a000 08:04 2253303                    /usr/lib/jvm/java-8-oracle/jre/lib/amd64/libzip.so
7ff47e9e9000-7ff47e9f4000 r-xp 00000000 08:04 3150550                    /lib/x86_64-linux-gnu/libnss_files-2.23.so
7ff47e9f4000-7ff47ebf3000 ---p 0000b000 08:04 3150550                    /lib/x86_64-linux-gnu/libnss_files-2.23.so
7ff47ebf3000-7ff47ebf4000 r--p 0000a000 08:04 3150550                    /lib/x86_64-linux-gnu/libnss_files-2.23.so
7ff47ebf4000-7ff47ebf5000 rw-p 0000b000 08:04 3150550                    /lib/x86_64-linux-gnu/libnss_files-2.23.so
7ff47ebf5000-7ff47ebfb000 rw-p 00000000 00:00 0 
7ff47ebfb000-7ff47ec06000 r-xp 00000000 08:04 3145817                    /lib/x86_64-linux-gnu/libnss_nis-2.23.so
7ff47ec06000-7ff47ee05000 ---p 0000b000 08:04 3145817                    /lib/x86_64-linux-gnu/libnss_nis-2.23.so
7ff47ee05000-7ff47ee06000 r--p 0000a000 08:04 3145817                    /lib/x86_64-linux-gnu/libnss_nis-2.23.so
7ff47ee06000-7ff47ee07000 rw-p 0000b000 08:04 3145817                    /lib/x86_64-linux-gnu/libnss_nis-2.23.so
7ff47ee07000-7ff47ee1d000 r-xp 00000000 08:04 3150406                    /lib/x86_64-linux-gnu/libnsl-2.23.so
7ff47ee1d000-7ff47f01c000 ---p 00016000 08:04 3150406                    /lib/x86_64-linux-gnu/libnsl-2.23.so
7ff47f01c000-7ff47f01d000 r--p 00015000 08:04 3150406                    /lib/x86_64-linux-gnu/libnsl-2.23.so
7ff47f01d000-7ff47f01e000 rw-p 00016000 08:04 3150406                    /lib/x86_64-linux-gnu/libnsl-2.23.so
7ff47f01e000-7ff47f020000 rw-p 00000000 00:00 0 
7ff47f020000-7ff47f028000 r-xp 00000000 08:04 3150509                    /lib/x86_64-linux-gnu/libnss_compat-2.23.so
7ff47f028000-7ff47f227000 ---p 00008000 08:04 3150509                    /lib/x86_64-linux-gnu/libnss_compat-2.23.so
7ff47f227000-7ff47f228000 r--p 00007000 08:04 3150509                    /lib/x86_64-linux-gnu/libnss_compat-2.23.so
7ff47f228000-7ff47f229000 rw-p 00008000 08:04 3150509                    /lib/x86_64-linux-gnu/libnss_compat-2.23.so
7ff47f229000-7ff47f233000 r-xp 00000000 08:04 2253312                    /usr/lib/jvm/java-8-oracle/jre/lib/amd64/libinstrument.so
7ff47f233000-7ff47f432000 ---p 0000a000 08:04 2253312                    /usr/lib/jvm/java-8-oracle/jre/lib/amd64/libinstrument.so
7ff47f432000-7ff47f433000 rw-p 00009000 08:04 2253312                    /usr/lib/jvm/java-8-oracle/jre/lib/amd64/libinstrument.so
7ff47f433000-7ff47f45e000 r-xp 00000000 08:04 2253297                    /usr/lib/jvm/java-8-oracle/jre/lib/amd64/libjava.so
7ff47f45e000-7ff47f65d000 ---p 0002b000 08:04 2253297                    /usr/lib/jvm/java-8-oracle/jre/lib/amd64/libjava.so
7ff47f65d000-7ff47f65f000 rw-p 0002a000 08:04 2253297                    /usr/lib/jvm/java-8-oracle/jre/lib/amd64/libjava.so
7ff47f65f000-7ff47f66c000 r-xp 00000000 08:04 2253302                    /usr/lib/jvm/java-8-oracle/jre/lib/amd64/libverify.so
7ff47f66c000-7ff47f86b000 ---p 0000d000 08:04 2253302                    /usr/lib/jvm/java-8-oracle/jre/lib/amd64/libverify.so
7ff47f86b000-7ff47f86d000 rw-p 0000c000 08:04 2253302                    /usr/lib/jvm/java-8-oracle/jre/lib/amd64/libverify.so
7ff47f86d000-7ff47f874000 r-xp 00000000 08:04 3145816                    /lib/x86_64-linux-gnu/librt-2.23.so
7ff47f874000-7ff47fa73000 ---p 00007000 08:04 3145816                    /lib/x86_64-linux-gnu/librt-2.23.so
7ff47fa73000-7ff47fa74000 r--p 00006000 08:04 3145816                    /lib/x86_64-linux-gnu/librt-2.23.so
7ff47fa74000-7ff47fa75000 rw-p 00007000 08:04 3145816                    /lib/x86_64-linux-gnu/librt-2.23.so
7ff47fa75000-7ff47fb7d000 r-xp 00000000 08:04 3145826                    /lib/x86_64-linux-gnu/libm-2.23.so
7ff47fb7d000-7ff47fd7c000 ---p 00108000 08:04 3145826                    /lib/x86_64-linux-gnu/libm-2.23.so
7ff47fd7c000-7ff47fd7d000 r--p 00107000 08:04 3145826                    /lib/x86_64-linux-gnu/libm-2.23.so
7ff47fd7d000-7ff47fd7e000 rw-p 00108000 08:04 3145826                    /lib/x86_64-linux-gnu/libm-2.23.so
7ff47fd7e000-7ff480a4d000 r-xp 00000000 08:04 2253325                    /usr/lib/jvm/java-8-oracle/jre/lib/amd64/server/libjvm.so
7ff480a4d000-7ff480c4d000 ---p 00ccf000 08:04 2253325                    /usr/lib/jvm/java-8-oracle/jre/lib/amd64/server/libjvm.so
7ff480c4d000-7ff480d26000 rw-p 00ccf000 08:04 2253325                    /usr/lib/jvm/java-8-oracle/jre/lib/amd64/server/libjvm.so
7ff480d26000-7ff480d71000 rw-p 00000000 00:00 0 
7ff480d71000-7ff480f30000 r-xp 00000000 08:04 3145821                    /lib/x86_64-linux-gnu/libc-2.23.so
7ff480f30000-7ff481130000 ---p 001bf000 08:04 3145821                    /lib/x86_64-linux-gnu/libc-2.23.so
7ff481130000-7ff481134000 r--p 001bf000 08:04 3145821                    /lib/x86_64-linux-gnu/libc-2.23.so
7ff481134000-7ff481136000 rw-p 001c3000 08:04 3145821                    /lib/x86_64-linux-gnu/libc-2.23.so
7ff481136000-7ff48113a000 rw-p 00000000 00:00 0 
7ff48113a000-7ff48113d000 r-xp 00000000 08:04 3145820                    /lib/x86_64-linux-gnu/libdl-2.23.so
7ff48113d000-7ff48133c000 ---p 00003000 08:04 3145820                    /lib/x86_64-linux-gnu/libdl-2.23.so
7ff48133c000-7ff48133d000 r--p 00002000 08:04 3145820                    /lib/x86_64-linux-gnu/libdl-2.23.so
7ff48133d000-7ff48133e000 rw-p 00003000 08:04 3145820                    /lib/x86_64-linux-gnu/libdl-2.23.so
7ff48133e000-7ff481353000 r-xp 00000000 08:04 2252776                    /usr/lib/jvm/java-8-oracle/lib/amd64/jli/libjli.so
7ff481353000-7ff481553000 ---p 00015000 08:04 2252776                    /usr/lib/jvm/java-8-oracle/lib/amd64/jli/libjli.so
7ff481553000-7ff481554000 rw-p 00015000 08:04 2252776                    /usr/lib/jvm/java-8-oracle/lib/amd64/jli/libjli.so
7ff481554000-7ff48156c000 r-xp 00000000 08:04 3145827                    /lib/x86_64-linux-gnu/libpthread-2.23.so
7ff48156c000-7ff48176b000 ---p 00018000 08:04 3145827                    /lib/x86_64-linux-gnu/libpthread-2.23.so
7ff48176b000-7ff48176c000 r--p 00017000 08:04 3145827                    /lib/x86_64-linux-gnu/libpthread-2.23.so
7ff48176c000-7ff48176d000 rw-p 00018000 08:04 3145827                    /lib/x86_64-linux-gnu/libpthread-2.23.so
7ff48176d000-7ff481771000 rw-p 00000000 00:00 0 
7ff481771000-7ff481797000 r-xp 00000000 08:04 3145745                    /lib/x86_64-linux-gnu/ld-2.23.so
7ff48179e000-7ff4817a0000 r--s 0001a000 08:04 1073061                    /home/italo/intelij/lib/idea_rt.jar
7ff4817a0000-7ff4817a1000 r--s 00000000 08:04 2253005                    /usr/lib/jvm/java-8-oracle/jre/lib/management-agent.jar
7ff4817a1000-7ff4817a6000 r--s 0009a000 08:04 2253026                    /usr/lib/jvm/java-8-oracle/jre/lib/jsse.jar
7ff4817a6000-7ff4817ab000 r--s 00084000 08:04 2252998                    /usr/lib/jvm/java-8-oracle/jre/lib/jfr.jar
7ff4817ab000-7ff481871000 rw-p 00000000 00:00 0 
7ff481871000-7ff481874000 ---p 00000000 00:00 0 
7ff481874000-7ff481976000 rw-p 00000000 00:00 0 
7ff481976000-7ff481978000 r--s 00007000 08:04 2253034                    /usr/lib/jvm/java-8-oracle/jre/lib/jfxswt.jar
7ff481978000-7ff48197b000 r--s 0001a000 08:04 2253032                    /usr/lib/jvm/java-8-oracle/jre/lib/jce.jar
7ff48197b000-7ff481985000 r--s 0006c000 08:04 2253008                    /usr/lib/jvm/java-8-oracle/jre/lib/javaws.jar
7ff481985000-7ff48198a000 r--s 002f9000 08:04 2253019                    /usr/lib/jvm/java-8-oracle/jre/lib/charsets.jar
7ff48198a000-7ff481992000 rw-s 00000000 08:04 3720006                    /tmp/hsperfdata_italo/7835
7ff481992000-7ff481993000 rw-p 00000000 00:00 0 
7ff481993000-7ff481994000 ---p 00000000 00:00 0 
7ff481994000-7ff481996000 rw-p 00000000 00:00 0 
7ff481996000-7ff481997000 r--p 00025000 08:04 3145745                    /lib/x86_64-linux-gnu/ld-2.23.so
7ff481997000-7ff481998000 rw-p 00026000 08:04 3145745                    /lib/x86_64-linux-gnu/ld-2.23.so
7ff481998000-7ff481999000 rw-p 00000000 00:00 0 
7fff02443000-7fff02464000 rw-p 00000000 00:00 0                          [stack]
7fff02491000-7fff02493000 r--p 00000000 00:00 0                          [vvar]
7fff02493000-7fff02495000 r-xp 00000000 00:00 0                          [vdso]
ffffffffff600000-ffffffffff601000 r-xp 00000000 00:00 0                  [vsyscall]

VM Arguments:
jvm_args: -javaagent:/home/italo/intelij/lib/idea_rt.jar=35257:/home/italo/intelij/bin -Dfile.encoding=UTF-8 
java_command: br.uece.goes.selectionFactor.test.main
java_class_path (initial): /usr/lib/jvm/java-8-oracle/jre/lib/charsets.jar:/usr/lib/jvm/java-8-oracle/jre/lib/deploy.jar:/usr/lib/jvm/java-8-oracle/jre/lib/ext/cldrdata.jar:/usr/lib/jvm/java-8-oracle/jre/lib/ext/dnsns.jar:/usr/lib/jvm/java-8-oracle/jre/lib/ext/jaccess.jar:/usr/lib/jvm/java-8-oracle/jre/lib/ext/jfxrt.jar:/usr/lib/jvm/java-8-oracle/jre/lib/ext/localedata.jar:/usr/lib/jvm/java-8-oracle/jre/lib/ext/nashorn.jar:/usr/lib/jvm/java-8-oracle/jre/lib/ext/sunec.jar:/usr/lib/jvm/java-8-oracle/jre/lib/ext/sunjce_provider.jar:/usr/lib/jvm/java-8-oracle/jre/lib/ext/sunpkcs11.jar:/usr/lib/jvm/java-8-oracle/jre/lib/ext/zipfs.jar:/usr/lib/jvm/java-8-oracle/jre/lib/javaws.jar:/usr/lib/jvm/java-8-oracle/jre/lib/jce.jar:/usr/lib/jvm/java-8-oracle/jre/lib/jfr.jar:/usr/lib/jvm/java-8-oracle/jre/lib/jfxswt.jar:/usr/lib/jvm/java-8-oracle/jre/lib/jsse.jar:/usr/lib/jvm/java-8-oracle/jre/lib/management-agent.jar:/usr/lib/jvm/java-8-oracle/jre/lib/plugin.jar:/usr/lib/jvm/java-8-oracle/jre/lib/resources.jar:/usr/lib/jvm/java-8-oracle/jre/lib/rt.jar:/home/italo/IdeaProjects/SelectionFactor/out/production/SelectionFactor:/home/italo/intelij/lib/idea_rt.jar
Launcher Type: SUN_STANDARD

Environment Variables:
JAVA_HOME=/usr/lib/jvm/java-8-oracle
PATH=/home/italo/bin:/home/italo/.local/bin:/usr/local/sbin:/usr/local/bin:/usr/sbin:/usr/bin:/sbin:/bin:/usr/games:/usr/local/games:/snap/bin:/usr/lib/jvm/java-8-oracle/bin:/usr/lib/jvm/java-8-oracle/db/bin:/usr/lib/jvm/java-8-oracle/jre/bin
LD_LIBRARY_PATH=/home/italo/intelij/bin:
SHELL=/bin/bash
DISPLAY=:0

Signal Handlers:
SIGSEGV: [libjvm.so+0xac8af0], sa_mask[0]=11111111011111111101111111111110, sa_flags=SA_RESTART|SA_SIGINFO
SIGBUS: [libjvm.so+0xac8af0], sa_mask[0]=11111111011111111101111111111110, sa_flags=SA_RESTART|SA_SIGINFO
SIGFPE: [libjvm.so+0x921dd0], sa_mask[0]=11111111011111111101111111111110, sa_flags=SA_RESTART|SA_SIGINFO
SIGPIPE: [libjvm.so+0x921dd0], sa_mask[0]=11111111011111111101111111111110, sa_flags=SA_RESTART|SA_SIGINFO
SIGXFSZ: [libjvm.so+0x921dd0], sa_mask[0]=11111111011111111101111111111110, sa_flags=SA_RESTART|SA_SIGINFO
SIGILL: [libjvm.so+0x921dd0], sa_mask[0]=11111111011111111101111111111110, sa_flags=SA_RESTART|SA_SIGINFO
SIGUSR1: SIG_DFL, sa_mask[0]=00000000000000000000000000000000, sa_flags=none
SIGUSR2: [libjvm.so+0x923610], sa_mask[0]=00100000000000000000000000000000, sa_flags=SA_RESTART|SA_SIGINFO
SIGHUP: [libjvm.so+0x924a10], sa_mask[0]=11111111011111111101111111111110, sa_flags=SA_RESTART|SA_SIGINFO
SIGINT: [libjvm.so+0x924a10], sa_mask[0]=11111111011111111101111111111110, sa_flags=SA_RESTART|SA_SIGINFO
SIGTERM: [libjvm.so+0x924a10], sa_mask[0]=11111111011111111101111111111110, sa_flags=SA_RESTART|SA_SIGINFO
SIGQUIT: [libjvm.so+0x924a10], sa_mask[0]=11111111011111111101111111111110, sa_flags=SA_RESTART|SA_SIGINFO


---------------  S Y S T E M  ---------------

OS:DISTRIB_ID=Ubuntu
DISTRIB_RELEASE=16.04
DISTRIB_CODENAME=xenial
DISTRIB_DESCRIPTION="Ubuntu 16.04.1 LTS"

uname:Linux 4.4.0-78-generic #99-Ubuntu SMP Thu Apr 27 15:29:09 UTC 2017 x86_64
libc:glibc 2.23 NPTL 2.23 
rlimit: STACK 8192k, CORE 0k, NPROC 22118, NOFILE 65536, AS infinity
load average:14,75 7,47 4,41

/proc/meminfo:
MemTotal:        5701396 kB
MemFree:          120464 kB
MemAvailable:      53208 kB
Buffers:            1424 kB
Cached:           258916 kB
SwapCached:            0 kB
Active:          5121496 kB
Inactive:         229316 kB
Active(anon):    5100572 kB
Inactive(anon):   178208 kB
Active(file):      20924 kB
Inactive(file):    51108 kB
Unevictable:         168 kB
Mlocked:             168 kB
SwapTotal:             0 kB
SwapFree:              0 kB
Dirty:               340 kB
Writeback:             0 kB
AnonPages:       5090692 kB
Mapped:           224984 kB
Shmem:            188256 kB
Slab:              83540 kB
SReclaimable:      43984 kB
SUnreclaim:        39556 kB
KernelStack:       11664 kB
PageTables:        52708 kB
NFS_Unstable:          0 kB
Bounce:                0 kB
WritebackTmp:          0 kB
CommitLimit:     2850696 kB
Committed_AS:   10870928 kB
VmallocTotal:   34359738367 kB
VmallocUsed:           0 kB
VmallocChunk:          0 kB
HardwareCorrupted:     0 kB
AnonHugePages:   2252800 kB
CmaTotal:              0 kB
CmaFree:               0 kB
HugePages_Total:       0
HugePages_Free:        0
HugePages_Rsvd:        0
HugePages_Surp:        0
Hugepagesize:       2048 kB
DirectMap4k:      280868 kB
DirectMap2M:     5595136 kB
DirectMap1G:     1048576 kB


CPU:total 2 (initial active 2) (2 cores per cpu, 1 threads per core) family 20 model 1 stepping 0, cmov, cx8, fxsr, mmx, sse, sse2, sse3, ssse3, popcnt, mmxext, lzcnt, sse4a, tsc, tscinvbit, tscinv

/proc/cpuinfo:
processor	: 0
vendor_id	: AuthenticAMD
cpu family	: 20
model		: 1
model name	: AMD E-350 Processor
stepping	: 0
microcode	: 0x5000028
cpu MHz		: 800.000
cache size	: 512 KB
physical id	: 0
siblings	: 2
core id		: 0
cpu cores	: 2
apicid		: 0
initial apicid	: 0
fpu		: yes
fpu_exception	: yes
cpuid level	: 6
wp		: yes
flags		: fpu vme de pse tsc msr pae mce cx8 apic sep mtrr pge mca cmov pat pse36 clflush mmx fxsr sse sse2 ht syscall nx mmxext fxsr_opt pdpe1gb rdtscp lm constant_tsc rep_good nopl nonstop_tsc extd_apicid aperfmperf pni monitor ssse3 cx16 popcnt lahf_lm cmp_legacy svm extapic cr8_legacy abm sse4a misalignsse 3dnowprefetch ibs skinit wdt hw_pstate vmmcall arat npt lbrv svm_lock nrip_save pausefilter
bugs		: fxsave_leak sysret_ss_attrs
bogomips	: 3191.74
TLB size	: 1024 4K pages
clflush size	: 64
cache_alignment	: 64
address sizes	: 36 bits physical, 48 bits virtual
power management: ts ttp tm stc 100mhzsteps hwpstate

processor	: 1
vendor_id	: AuthenticAMD
cpu family	: 20
model		: 1
model name	: AMD E-350 Processor
stepping	: 0
microcode	: 0x5000028
cpu MHz		: 800.000
cache size	: 512 KB
physical id	: 0
siblings	: 2
core id		: 1
cpu cores	: 2
apicid		: 1
initial apicid	: 1
fpu		: yes
fpu_exception	: yes
cpuid level	: 6
wp		: yes
flags		: fpu vme de pse tsc msr pae mce cx8 apic sep mtrr pge mca cmov pat pse36 clflush mmx fxsr sse sse2 ht syscall nx mmxext fxsr_opt pdpe1gb rdtscp lm constant_tsc rep_good nopl nonstop_tsc extd_apicid aperfmperf pni monitor ssse3 cx16 popcnt lahf_lm cmp_legacy svm extapic cr8_legacy abm sse4a misalignsse 3dnowprefetch ibs skinit wdt hw_pstate vmmcall arat npt lbrv svm_lock nrip_save pausefilter
bugs		: fxsave_leak sysret_ss_attrs
bogomips	: 3191.74
TLB size	: 1024 4K pages
clflush size	: 64
cache_alignment	: 64
address sizes	: 36 bits physical, 48 bits virtual
power management: ts ttp tm stc 100mhzsteps hwpstate



Memory: 4k page, physical 5701396k(120464k free), swap 0k(0k free)

vm_info: Java HotSpot(TM) 64-Bit Server VM (25.131-b11) for linux-amd64 JRE (1.8.0_131-b11), built on Mar 15 2017 01:23:40 by "java_re" with gcc 4.3.0 20080428 (Red Hat 4.3.0-8)

time: Sat Jun 17 20:02:57 2017
elapsed time: 61 seconds (0d 0h 1m 1s)

